<?xml version="1.0" encoding="UTF-8"?>
<testng-results skipped="0" failed="0" ignored="0" total="1" passed="1">
  <reporter-output>
    <line>
      <![CDATA[<div "result">I go to ticketmaster (PASSED : 4s)</div>]]>
    </line>
    <line>
      <![CDATA[<div "result">I log in with valid credentials (PASSED : 0s)</div>]]>
    </line>
    <line>
      <![CDATA[<div "result">I should able to see log in (PASSED : 4s)</div>]]>
    </line>
  </reporter-output>
  <suite name="TicketMaster" duration-ms="11938" started-at="2018-06-01T19:35:35Z" finished-at="2018-06-01T19:35:47Z">
    <groups>
      <group name="cucumber">
        <method signature="AbstractTestNGCucumberTests.runScenario(cucumber.api.testng.PickleEventWrapper, cucumber.api.testng.CucumberFeatureWrapper)[pri:0, instance:ticketmaster.runners.CukesRunner@1f28c152]" name="runScenario" class="cucumber.api.testng.AbstractTestNGCucumberTests"/>
      </group> <!-- cucumber -->
    </groups>
    <test name="Login" duration-ms="11938" started-at="2018-06-01T19:35:35Z" finished-at="2018-06-01T19:35:47Z">
      <class name="ticketmaster.runners.CukesRunner">
        <test-method status="PASS" signature="setUpClass()[pri:0, instance:ticketmaster.runners.CukesRunner@1f28c152]" name="setUpClass" is-config="true" duration-ms="172" started-at="2018-06-01T19:35:35Z" finished-at="2018-06-01T19:35:35Z">
          <reporter-output>
          </reporter-output>
        </test-method> <!-- setUpClass -->
        <test-method status="PASS" signature="runScenario(cucumber.api.testng.PickleEventWrapper, cucumber.api.testng.CucumberFeatureWrapper)[pri:0, instance:ticketmaster.runners.CukesRunner@1f28c152]" name="runScenario" duration-ms="11706" started-at="2018-06-01T19:35:35Z" description="Runs Cucumber Scenarios" data-provider="scenarios" finished-at="2018-06-01T19:35:47Z">
          <params>
            <param index="0">
              <value>
                <![CDATA["Login to ticketmaster"]]>
              </value>
            </param>
            <param index="1">
              <value>
                <![CDATA["Login"]]>
              </value>
            </param>
          </params>
          <reporter-output>
            <line>
              <![CDATA[<div "result">I go to ticketmaster (PASSED : 4s)</div>]]>
            </line>
            <line>
              <![CDATA[<div "result">I log in with valid credentials (PASSED : 0s)</div>]]>
            </line>
            <line>
              <![CDATA[<div "result">I should able to see log in (PASSED : 4s)</div>]]>
            </line>
          </reporter-output>
        </test-method> <!-- runScenario -->
        <test-method status="PASS" signature="tearDownClass()[pri:0, instance:ticketmaster.runners.CukesRunner@1f28c152]" name="tearDownClass" is-config="true" duration-ms="8" started-at="2018-06-01T19:35:47Z" finished-at="2018-06-01T19:35:47Z">
          <reporter-output>
          </reporter-output>
        </test-method> <!-- tearDownClass -->
      </class> <!-- ticketmaster.runners.CukesRunner -->
    </test> <!-- Login -->
  </suite> <!-- TicketMaster -->
</testng-results>
